Importer Log Report
Document: C:\workspace\MU100-DIT\main\footprints
    Section : Analyze Document from - C:\workspace\MU100-DIT\main\footprints
        Warning: Unknown layer F&B.Cu of layers.
        Warning: Pad name is empty, autogenerated name 'Un1' assigned to pad pad.
        Warning: Unknown layer F&B.Cu of layers.
        Warning: Pad name is empty, autogenerated name 'Un2' assigned to pad pad.
        Warning: Unknown layer F&B.Cu of layers.
        Warning: Pad name is empty, autogenerated name 'Un3' assigned to pad pad.
        Warning: Unknown child fill of gr_circle.
        Warning: Unknown child fill of gr_circle.
        Warning: Unknown child fill of gr_circle.
        Warning: Unknown child fill of gr_circle.
        Warning: Pad name is empty, autogenerated name 'Un1' assigned to pad pad.
        Warning: Pad name is empty, autogenerated name 'Un2' assigned to pad pad.
    EndSection
    Section : Import Document - C:\workspace\MU100-DIT\main\Imported mu100-dit\footprints.PcbLib
        Section : Component REF** importing.
        EndSection
        Section : Component REF** importing.
            Warning: Custom pad '1' shape 'anchor rect' translated to 'eRectangular'
            Warning: Custom pad '2' shape 'anchor rect' translated to 'eRectangular'
        EndSection
        Section : Component REF** importing.
        EndSection
    EndSection
