Importer Log Report
Document: C:\workspace\MU100-DIT\main\mu100-dit.kicad_pcb
    Section : Analyze Document from - C:\workspace\MU100-DIT\main\mu100-dit.kicad_pcb
        Warning: Pad name is empty, autogenerated name 'Un1' assigned to pad pad.
        Warning: Unknown layer F&B.Cu of layers.
        Warning: Pad name is empty, autogenerated name 'Un2' assigned to pad pad.
        Warning: Unknown child fill of gr_circle.
        Warning: Unknown child fill of gr_circle.
        Warning: Unknown child fill of gr_circle.
        Warning: Unknown child fill of gr_circle.
        Warning: Unknown child fill of gr_circle.
        Warning: Unknown child fill of gr_circle.
        Warning: Unknown child fill of gr_circle.
        Warning: Unknown child fill of gr_circle.
        Warning: Unknown child fill of gr_circle.
        Warning: Unknown child fill of gr_circle.
        Warning: Unknown child fill of gr_circle.
        Warning: Unknown child fill of gr_circle.
        Warning: Unknown child fill of gr_circle.
        Warning: Unknown child fill of gr_circle.
        Warning: Unknown child fill of gr_circle.
        Warning: Unknown child fill of gr_circle.
        Warning: Unknown child fill of gr_circle.
        Warning: Unknown child fill of gr_circle.
        Warning: Unknown child fill of gr_circle.
        Warning: Unknown child fill of gr_circle.
        Warning: Unknown child fill of gr_circle.
        Warning: Unknown child fill of gr_circle.
        Warning: Unknown child fill of gr_circle.
        Warning: Unknown child fill of gr_circle.
        Warning: Unknown child fill of gr_circle.
        Warning: Unknown child fill of gr_circle.
        Warning: Unknown child fill of gr_circle.
        Warning: Unknown child fill of gr_circle.
        Warning: Unknown child fill of gr_circle.
        Warning: Unknown child fill of gr_circle.
        Warning: Unknown child fill of gr_circle.
        Warning: Unknown child fill of gr_circle.
        Warning: Unknown child fill of gr_circle.
        Warning: Unknown child fill of gr_circle.
        Warning: Unknown child fill of gr_circle.
        Warning: Unknown child fill of gr_circle.
    EndSection
    Section : Import Document - C:\workspace\MU100-DIT\main\Imported mu100-dit\mu100-dit(1).PcbDoc
        Section : Component C2 importing.
        EndSection
        Section : Component J1 importing.
        EndSection
        Section : Component U2 importing.
        EndSection
        Section : Component H1 importing.
        EndSection
        Section : Component C3 importing.
        EndSection
        Section : Component U1 importing.
        EndSection
        Section : Component U3 importing.
        EndSection
        Section : Component C1 importing.
        EndSection
        Section : Component H2 importing.
        EndSection
        Section : Component J2 importing.
        EndSection
        Section : Component C4 importing.
        EndSection
        Section : Component R2 importing.
        EndSection
        Section : Component R1 importing.
        EndSection
        Section : Component JP3 importing.
            Warning: Custom pad '1' shape 'anchor rect' translated to 'eRectangular'
            Warning: Custom pad '2' shape 'anchor rect' translated to 'eRectangular'
        EndSection
        Section : Component JP9 importing.
            Warning: Custom pad '1' shape 'anchor rect' translated to 'eRectangular'
            Warning: Custom pad '2' shape 'anchor rect' translated to 'eRectangular'
        EndSection
        Section : Component JP2 importing.
            Warning: Custom pad '1' shape 'anchor rect' translated to 'eRectangular'
            Warning: Custom pad '2' shape 'anchor rect' translated to 'eRectangular'
        EndSection
        Section : Component JP7 importing.
            Warning: Custom pad '1' shape 'anchor rect' translated to 'eRectangular'
            Warning: Custom pad '2' shape 'anchor rect' translated to 'eRectangular'
        EndSection
        Section : Component JP1 importing.
            Warning: Custom pad '1' shape 'anchor rect' translated to 'eRectangular'
            Warning: Custom pad '2' shape 'anchor rect' translated to 'eRectangular'
        EndSection
        Section : Component JP6 importing.
            Warning: Custom pad '1' shape 'anchor rect' translated to 'eRectangular'
            Warning: Custom pad '2' shape 'anchor rect' translated to 'eRectangular'
        EndSection
        Section : Component JP8 importing.
            Warning: Custom pad '1' shape 'anchor rect' translated to 'eRectangular'
            Warning: Custom pad '2' shape 'anchor rect' translated to 'eRectangular'
        EndSection
        Section : Component JP5 importing.
            Warning: Custom pad '1' shape 'anchor rect' translated to 'eRectangular'
            Warning: Custom pad '2' shape 'anchor rect' translated to 'eRectangular'
        EndSection
        Section : Component JP4 importing.
            Warning: Custom pad '1' shape 'anchor rect' translated to 'eRectangular'
            Warning: Custom pad '2' shape 'anchor rect' translated to 'eRectangular'
        EndSection
    EndSection
